<?xml version="1.0" encoding="UTF-8"?>
<!-- Generated by org.testng.reporters.JUnitReportReporter -->
<testsuite hostname="VAIO" name="org.my.baseclass.TestScripts" tests="1" failures="0" timestamp="22 Oct 2014 17:17:40 GMT" time="14.877" errors="0">
  <testcase name="validLogin" time="14.877" classname="org.my.baseclass.TestScripts"/>
</testsuite> <!-- org.my.baseclass.TestScripts -->
